201408/18 17:08:25  [debug] Query list sql is : select * from user order by id desc limit 0,5
201408/18 17:09:37  [debug] Query list sql is : select * from user order by id desc limit 0,5
201408/18 17:24:09  [debug] Query list sql is : select * from user order by id desc limit 0,5
201408/18 17:24:10  [debug] Query list sql is : select * from user order by id desc limit 0,5
201408/18 17:24:10  [debug] Query list sql is : select * from user order by id desc limit 0,5
201408/18 17:24:23  [debug] Query list sql is : select * from user order by id desc limit 0,5
201408/18 17:25:38  [debug] Query list sql is : select * from user order by id desc limit 0,5
201408/18 17:25:39  [debug] Query list sql is : select * from user order by id desc limit 0,5
201408/18 17:25:39  [debug] Query list sql is : select * from user order by id desc limit 0,5
201408/18 17:28:06  [debug] Query list sql is : select * from user order by id desc limit 0,5
201408/18 17:28:07  [debug] Query list sql is : select * from user order by id desc limit 0,5
201408/18 17:28:07  [debug] Query list sql is : select * from user order by id desc limit 0,5
201408/18 17:28:29  [debug] Query list sql is : select * from user order by id desc limit 0,5
201408/18 17:28:32  [debug] Query list sql is : select * from user order by id desc limit 0,5
201408/18 17:28:37  [debug] Query list sql is : select * from user order by id desc limit 0,5
201408/18 17:29:37  [debug] Query list sql is : select * from user order by id desc limit 0,5
201408/18 17:39:23  [debug] Query list sql is : select * from user order by id desc limit 0,5
201408/18 17:39:23  [debug] 5
201408/18 17:39:23  [debug] 6
201408/18 17:39:36  [debug] Query list sql is : select * from user order by id desc limit 0,5
201408/18 17:39:37  [debug] Query list sql is : select * from user order by id desc limit 0,5
201408/18 17:39:37  [debug] Query list sql is : select * from user order by id desc limit 0,5
201408/18 17:39:37  [debug] Query list sql is : select * from user order by id desc limit 0,5
201408/18 17:39:39  [debug] Query list sql is : select * from user order by id desc limit 0,5
201408/18 17:39:40  [debug] Query list sql is : select * from user order by id desc limit 5,5
201408/18 17:39:41  [debug] Query list sql is : select * from user order by id desc limit 0,5
201408/18 17:41:05  [debug] Query list sql is : select * from user order by id desc limit 0,5
201408/18 17:46:19  [debug] Query list sql is : select * from user order by id desc limit 0,5
201408/18 17:49:51  [debug] Query list sql is : select * from user order by id desc limit 0,5
201408/18 17:51:20  [debug] Query list sql is : select * from user order by id desc limit 0,5
201408/18 17:57:04  [debug] Query list sql is : select * from user order by id desc limit 0,5
201408/18 17:59:11  [debug] Query list sql is : select * from user order by id desc limit 0,5
201408/18 17:59:26  [debug] Query list sql is : select * from user order by id desc limit 0,5
201408/18 18:00:07  [debug] Query list sql is : select * from user order by id desc limit 0,5
201408/18 18:01:00  [debug] Query list sql is : select * from user order by id desc limit 0,5
201408/18 18:01:05  [debug] Query list sql is : select * from user order by id desc limit 0,5
201408/18 18:01:20  [debug] Query list sql is : select * from user order by id desc limit 0,5
201408/18 18:01:21  [debug] Query list sql is : select * from user order by id desc limit 0,5
201408/18 18:01:21  [debug] Query list sql is : select * from user order by id desc limit 0,5
201408/18 18:01:21  [debug] Query list sql is : select * from user order by id desc limit 0,5
201408/18 18:01:21  [debug] Query list sql is : select * from user order by id desc limit 0,5
201408/18 18:01:21  [debug] Query list sql is : select * from user order by id desc limit 0,5
201408/18 18:01:21  [debug] Query list sql is : select * from user order by id desc limit 0,5
201408/18 18:01:55  [debug] Query list sql is : select * from user order by id desc limit 0,5
201408/18 18:01:56  [debug] Query list sql is : select * from user order by id desc limit 0,5
201408/18 18:01:56  [debug] Query list sql is : select * from user order by id desc limit 0,5
201408/18 18:01:56  [debug] Query list sql is : select * from user order by id desc limit 0,5
201408/18 18:02:24  [debug] Query list sql is : select * from user order by id desc limit 0,5
201408/18 18:02:24  [debug] Query list sql is : select * from user order by id desc limit 0,5
201408/18 18:02:24  [debug] Query list sql is : select * from user order by id desc limit 0,5
201408/18 18:02:44  [debug] Query list sql is : select * from user order by id desc limit 0,5
201408/18 18:02:44  [debug] Query list sql is : select * from user order by id desc limit 0,5
201408/18 18:02:44  [debug] Query list sql is : select * from user order by id desc limit 0,5
201408/18 18:02:44  [debug] Query list sql is : select * from user order by id desc limit 0,5
201408/18 18:02:44  [debug] Query list sql is : select * from user order by id desc limit 0,5
201408/18 18:02:45  [debug] Query list sql is : select * from user order by id desc limit 0,5
201408/18 18:02:45  [debug] Query list sql is : select * from user order by id desc limit 0,5
201408/18 18:02:45  [debug] Query list sql is : select * from user order by id desc limit 0,5
201408/18 18:02:45  [debug] Query list sql is : select * from user order by id desc limit 0,5
201408/18 18:02:45  [debug] Query list sql is : select * from user order by id desc limit 0,5
201408/18 18:02:45  [debug] Query list sql is : select * from user order by id desc limit 0,5
201408/18 18:02:45  [debug] Query list sql is : select * from user order by id desc limit 0,5
201408/18 18:02:45  [debug] Query list sql is : select * from user order by id desc limit 0,5
201408/18 18:02:45  [debug] Query list sql is : select * from user order by id desc limit 0,5
201408/18 18:02:45  [debug] Query list sql is : select * from user order by id desc limit 0,5
201408/18 18:02:46  [debug] Query list sql is : select * from user order by id desc limit 0,5
201408/18 18:02:46  [debug] Query list sql is : select * from user order by id desc limit 0,5
201408/18 18:02:59  [debug] Query list sql is : select * from user order by id desc limit 0,5
201408/18 18:03:01  [debug] Query list sql is : select * from user order by id desc limit 0,5
201408/18 18:03:10  [debug] Query list sql is : select * from user order by id desc limit 0,5
201408/18 18:03:33  [debug] Query list sql is : select * from user order by id desc limit 0,5
201408/18 18:12:05  [debug] Query list sql is : select * from user order by id desc limit 0,5
201408/18 18:12:44  [debug] Query list sql is : select * from user order by id desc limit 0,5
201408/18 18:12:47  [debug] >>>id = 5
201408/18 18:13:45  [debug] Query list sql is : select * from user order by id desc limit 0,5
201408/18 18:13:47  [debug] >>>id = 3
201408/18 18:14:26  [debug] Query list sql is : select * from user order by id desc limit 0,5
201408/18 18:14:28  [debug] >>>id = 4
201408/18 18:15:44  [debug] Query list sql is : select * from user order by id desc limit 0,5
201408/18 18:15:46  [debug] >>>id = 3
201408/18 18:16:11  [debug] Query list sql is : select * from user order by id desc limit 0,5
201408/18 18:16:13  [debug] >>>id = 5
201408/18 18:16:16  [debug] >>>id = 2
201408/18 18:17:08  [debug] Query list sql is : select * from user order by id desc limit 0,5
201408/18 18:17:08  [debug] Query list sql is : select count(*) from user
201408/18 18:17:09  [debug] >>>id = 2
201408/18 18:17:09  [debug] Query list sql is : select * from user where id = 2
201408/18 18:18:12  [debug] Query list sql is : select * from user order by id desc limit 0,5
201408/18 18:18:12  [debug] Query list sql is : select count(*) from user
201408/18 18:18:14  [debug] >>>id = 2
201408/18 18:18:14  [debug] Query list sql is : select * from user where id = 2
201408/18 18:18:52  [debug] Query list sql is : select * from user order by id desc limit 0,5
201408/18 18:18:52  [debug] Query list sql is : select count(*) from user
201408/18 18:18:55  [debug] >>>id = 3
201408/18 18:18:55  [debug] Query list sql is : select * from user where id = 3
201408/18 18:19:29  [debug] Query list sql is : select * from user order by id desc limit 0,5
201408/18 18:19:29  [debug] Query list sql is : select count(*) from user
201408/18 18:19:31  [debug] >>>id = 3
201408/18 18:19:31  [debug] Query list sql is : select * from user where id = 3
201408/18 18:21:57  [debug] Query list sql is : select * from user order by id desc limit 0,5
201408/18 18:21:57  [debug] Query list sql is : select count(*) from user
201408/18 18:21:59  [debug] >>>id = 3
201408/18 18:21:59  [debug] Query list sql is : select * from user where id = 3
201408/18 18:23:03  [debug] Query list sql is : select * from user order by id desc limit 0,5
201408/18 18:23:03  [debug] Query list sql is : select count(*) from user
201408/18 18:23:05  [debug] >>>id = 3
201408/18 18:23:05  [debug] Query list sql is : select * from user where id = 3
201408/18 18:24:25  [debug] Query list sql is : select * from user order by id desc limit 0,5
201408/18 18:24:25  [debug] Query list sql is : select count(*) from user
201408/18 18:24:26  [debug] >>>id = 6
201408/18 18:24:26  [debug] Query list sql is : select * from user where id = 6
201408/18 18:24:43  [debug] Query list sql is : select * from user order by id desc limit 0,5
201408/18 18:24:43  [debug] Query list sql is : select count(*) from user
201408/18 18:24:44  [debug] >>>id = 6
201408/18 18:24:44  [debug] Query list sql is : select * from user where id = 6
201408/18 18:25:25  [debug] Query list sql is : select * from user order by id desc limit 0,5
201408/18 18:25:25  [debug] Query list sql is : select count(*) from user
201408/18 18:25:26  [debug] >>>id = 6
201408/18 18:25:26  [debug] Query list sql is : select * from user where id = 6
201408/18 18:25:43  [debug] Query list sql is : select * from user order by id desc limit 0,5
201408/18 18:25:43  [debug] Query list sql is : select count(*) from user
201408/18 18:25:43  [debug] Query list sql is : select * from user order by id desc limit 0,5
201408/18 18:25:43  [debug] Query list sql is : select count(*) from user
201408/18 18:25:43  [debug] Query list sql is : select * from user order by id desc limit 0,5
201408/18 18:25:43  [debug] Query list sql is : select count(*) from user
201408/18 18:25:50  [debug] Query list sql is : select * from user order by id desc limit 0,5
201408/18 18:25:50  [debug] Query list sql is : select count(*) from user
201408/18 18:25:52  [debug] >>>id = 4
201408/18 18:25:52  [debug] Query list sql is : select * from user where id = 4
201408/18 18:26:15  [debug] Query list sql is : select * from user order by id desc limit 0,5
201408/18 18:26:15  [debug] Query list sql is : select count(*) from user
201408/18 18:26:16  [debug] Query list sql is : select * from user order by id desc limit 0,5
201408/18 18:26:16  [debug] Query list sql is : select count(*) from user
201408/18 18:26:16  [debug] Query list sql is : select * from user order by id desc limit 0,5
201408/18 18:26:16  [debug] Query list sql is : select count(*) from user
201408/18 18:28:43  [debug] Query list sql is : select * from user order by id desc limit 0,5
201408/18 18:28:43  [debug] Query list sql is : select count(*) from user
201408/18 18:28:43  [debug] >>>id = 5
201408/18 18:28:43  [debug] Query list sql is : select * from user where id = 5
201408/18 18:29:10  [debug] Query list sql is : select * from user order by id desc limit 0,5
201408/18 18:29:10  [debug] Query list sql is : select count(*) from user
201408/18 18:29:12  [debug] Query list sql is : select * from user order by id desc limit 5,5
201408/18 18:29:12  [debug] Query list sql is : select count(*) from user
201408/18 18:29:14  [debug] Query list sql is : select * from user order by id desc limit 0,5
201408/18 18:29:14  [debug] Query list sql is : select count(*) from user
201408/18 18:29:15  [debug] >>>id = 6
201408/18 18:29:15  [debug] Query list sql is : select * from user where id = 6
201408/18 18:30:49  [debug] Query list sql is : select * from user order by id desc limit 0,5
201408/18 18:30:49  [debug] Query list sql is : select count(*) from user
201408/18 18:31:12  [debug] Query list sql is : select * from user order by id desc limit 0,5
201408/18 18:31:12  [debug] Query list sql is : select count(*) from user
201408/18 18:31:14  [debug] Query list sql is : select * from user order by id desc limit 5,5
201408/18 18:31:14  [debug] Query list sql is : select count(*) from user
201408/18 18:31:16  [debug] Query list sql is : select * from user order by id desc limit 0,5
201408/18 18:31:16  [debug] Query list sql is : select count(*) from user
201408/18 18:31:23  [debug] Query list sql is : select * from user order by id desc limit 0,5
201408/18 18:31:23  [debug] Query list sql is : select count(*) from user
201408/18 18:31:33  [debug] Query list sql is : select * from user order by id desc limit 0,5
201408/18 18:31:33  [debug] Query list sql is : select count(*) from user
201408/18 18:32:45  [debug] Query list sql is : select * from user order by id desc limit 0,5
201408/18 18:32:45  [debug] Query list sql is : select count(*) from user
201408/18 18:32:56  [debug] Query list sql is : select * from user order by id desc limit 0,5
201408/18 18:32:56  [debug] Query list sql is : select count(*) from user
201408/18 18:32:58  [debug] Query list sql is : select * from user order by id desc limit 0,5
201408/18 18:32:58  [debug] Query list sql is : select count(*) from user
201408/18 18:32:59  [debug] Query list sql is : select * from user order by id desc limit 0,5
201408/18 18:32:59  [debug] Query list sql is : select count(*) from user
201408/18 18:32:59  [debug] Query list sql is : select * from user order by id desc limit 0,5
201408/18 18:32:59  [debug] Query list sql is : select count(*) from user
201408/18 18:32:59  [debug] Query list sql is : select * from user order by id desc limit 0,5
201408/18 18:32:59  [debug] Query list sql is : select count(*) from user
201408/18 18:32:59  [debug] Query list sql is : select * from user order by id desc limit 0,5
201408/18 18:32:59  [debug] Query list sql is : select count(*) from user
201408/18 18:32:59  [debug] Query list sql is : select * from user order by id desc limit 0,5
201408/18 18:32:59  [debug] Query list sql is : select count(*) from user
201408/18 18:32:59  [debug] Query list sql is : select * from user order by id desc limit 0,5
201408/18 18:32:59  [debug] Query list sql is : select count(*) from user
201408/18 18:32:59  [debug] Query list sql is : select * from user order by id desc limit 0,5
201408/18 18:32:59  [debug] Query list sql is : select count(*) from user
201408/18 18:32:59  [debug] Query list sql is : select * from user order by id desc limit 0,5
201408/18 18:32:59  [debug] Query list sql is : select count(*) from user
201408/18 18:32:59  [debug] Query list sql is : select * from user order by id desc limit 0,5
201408/18 18:32:59  [debug] Query list sql is : select count(*) from user
201408/18 18:32:59  [debug] Query list sql is : select * from user order by id desc limit 0,5
201408/18 18:32:59  [debug] Query list sql is : select count(*) from user
201408/18 18:33:00  [debug] Query list sql is : select * from user order by id desc limit 0,5
201408/18 18:33:00  [debug] Query list sql is : select count(*) from user
201408/18 18:33:00  [debug] Query list sql is : select * from user order by id desc limit 0,5
201408/18 18:33:00  [debug] Query list sql is : select count(*) from user
201408/18 18:33:00  [debug] Query list sql is : select * from user order by id desc limit 0,5
201408/18 18:33:00  [debug] Query list sql is : select count(*) from user
201408/18 18:33:00  [debug] Query list sql is : select * from user order by id desc limit 0,5
201408/18 18:33:00  [debug] Query list sql is : select count(*) from user
201408/18 18:33:00  [debug] Query list sql is : select * from user order by id desc limit 0,5
201408/18 18:33:00  [debug] Query list sql is : select count(*) from user
201408/18 18:33:00  [debug] Query list sql is : select * from user order by id desc limit 0,5
201408/18 18:33:00  [debug] Query list sql is : select count(*) from user
201408/18 18:33:00  [debug] Query list sql is : select * from user order by id desc limit 0,5
201408/18 18:33:00  [debug] Query list sql is : select count(*) from user
201408/18 18:33:00  [debug] Query list sql is : select * from user order by id desc limit 0,5
201408/18 18:33:00  [debug] Query list sql is : select count(*) from user
201408/18 18:33:00  [debug] Query list sql is : select * from user order by id desc limit 0,5
201408/18 18:33:00  [debug] Query list sql is : select count(*) from user
201408/18 18:33:00  [debug] Query list sql is : select * from user order by id desc limit 0,5
201408/18 18:33:00  [debug] Query list sql is : select count(*) from user
201408/18 18:33:00  [debug] Query list sql is : select * from user order by id desc limit 0,5
201408/18 18:33:00  [debug] Query list sql is : select count(*) from user
201408/18 18:35:01  [debug] Query list sql is : select * from user order by id desc limit 0,5
201408/18 18:35:01  [debug] Query list sql is : select count(*) from user
201408/18 18:35:01  [debug] >>>id = 5
201408/18 18:35:01  [debug] Query list sql is : select * from user where id = 5
201408/18 18:35:16  [debug] Query list sql is : select * from user order by id desc limit 0,5
201408/18 18:35:16  [debug] Query list sql is : select count(*) from user
201408/18 18:35:17  [debug] Query list sql is : select * from user order by id desc limit 5,5
201408/18 18:35:17  [debug] Query list sql is : select count(*) from user
201408/18 18:35:18  [debug] >>>id = 1
201408/18 18:35:18  [debug] Query list sql is : select * from user where id = 1
201408/18 18:36:37  [debug] Query list sql is : select * from user order by id desc limit 5,5
201408/18 18:36:37  [debug] Query list sql is : select count(*) from user
201408/18 18:36:38  [debug] >>>id = 1
201408/18 18:36:38  [debug] Query list sql is : select * from user where id = 1
